src/android-project/app/build/intermediates/manifest_merge_blame_file/release/processReleaseMainManifest/manifest-merger-blame-release-report.txt
1<?xml version="1.0" encoding="utf-8"?>
2<manifest xmlns:android="http://schemas.android.com/apk/res/android"
3    package="com.hsousa_apps.Autocarros"
4    android:versionCode="39"
5    android:versionName="5.0.1" >
6
7    <uses-sdk
8        android:minSdkVersion="19"
9        android:targetSdkVersion="35" />
10
11    <uses-permission android:name="android.permission.INTERNET" />
11-->src/main/AndroidManifest.xml:4:5-67
11-->src/main/AndroidManifest.xml:4:22-64
12    <uses-permission android:name="android.permission.ACCESS_NETWORK_STATE" />
12-->src/main/AndroidManifest.xml:5:5-80
12-->src/main/AndroidManifest.xml:5:22-76
13    <uses-permission android:name="android.permission.ACCESS_COARSE_LOCATION" />
13-->src/main/AndroidManifest.xml:6:5-81
13-->src/main/AndroidManifest.xml:6:22-78
14    <uses-permission android:name="android.permission.ACCESS_FINE_LOCATION" />
14-->src/main/AndroidManifest.xml:7:5-79
14-->src/main/AndroidManifest.xml:7:22-76
15
16    <uses-feature
16-->[com.google.android.gms:play-services-maps:18.1.0] AndroidManifest.xml:26:5-28:35
17        android:glEsVersion="0x00020000"
17-->[com.google.android.gms:play-services-maps:18.1.0] AndroidManifest.xml:27:9-41
18        android:required="true" />
18-->[com.google.android.gms:play-services-maps:18.1.0] AndroidManifest.xml:28:9-32
19
20    <queries>
20-->[com.google.android.gms:play-services-maps:18.1.0] AndroidManifest.xml:30:5-34:15
21
22        <!-- Needs to be explicitly declared on Android R+ -->
23        <package android:name="com.google.android.apps.maps" />
23-->[com.google.android.gms:play-services-maps:18.1.0] AndroidManifest.xml:33:9-64
23-->[com.google.android.gms:play-services-maps:18.1.0] AndroidManifest.xml:33:18-61
24        <!-- For browser content -->
25        <intent>
25-->[com.google.android.gms:play-services-ads-lite:21.5.0] AndroidManifest.xml:35:9-41:18
26            <action android:name="android.intent.action.VIEW" />
26-->[com.google.android.gms:play-services-ads-lite:21.5.0] AndroidManifest.xml:36:13-65
26-->[com.google.android.gms:play-services-ads-lite:21.5.0] AndroidManifest.xml:36:21-62
27
28            <category android:name="android.intent.category.BROWSABLE" />
28-->[com.google.android.gms:play-services-ads-lite:21.5.0] AndroidManifest.xml:38:13-74
28-->[com.google.android.gms:play-services-ads-lite:21.5.0] AndroidManifest.xml:38:23-71
29
30            <data android:scheme="https" />
30-->[com.google.android.gms:play-services-ads-lite:21.5.0] AndroidManifest.xml:40:13-44
30-->[com.google.android.gms:play-services-ads-lite:21.5.0] AndroidManifest.xml:40:19-41
31        </intent> <!-- End of browser content -->
32        <!-- For CustomTabsService -->
33        <intent>
33-->[com.google.android.gms:play-services-ads-lite:21.5.0] AndroidManifest.xml:44:9-46:18
34            <action android:name="android.support.customtabs.action.CustomTabsService" />
34-->[com.google.android.gms:play-services-ads-lite:21.5.0] AndroidManifest.xml:45:13-90
34-->[com.google.android.gms:play-services-ads-lite:21.5.0] AndroidManifest.xml:45:21-87
35        </intent>
36    </queries>
37
38    <uses-permission android:name="com.google.android.gms.permission.AD_ID" />
38-->[com.google.android.gms:play-services-ads-lite:21.5.0] AndroidManifest.xml:26:5-79
38-->[com.google.android.gms:play-services-ads-lite:21.5.0] AndroidManifest.xml:26:22-76
39    <uses-permission android:name="android.permission.WAKE_LOCK" />
39-->[com.google.android.gms:play-services-measurement-sdk-api:20.1.2] AndroidManifest.xml:25:5-68
39-->[com.google.android.gms:play-services-measurement-sdk-api:20.1.2] AndroidManifest.xml:25:22-65
40    <uses-permission android:name="android.permission.FOREGROUND_SERVICE" />
40-->[androidx.work:work-runtime:2.8.0] AndroidManifest.xml:26:5-77
40-->[androidx.work:work-runtime:2.8.0] AndroidManifest.xml:26:22-74
41
42    <permission
42-->[androidx.core:core:1.10.1] AndroidManifest.xml:22:5-24:47
43        android:name="com.hsousa_apps.Autocarros.DYNAMIC_RECEIVER_NOT_EXPORTED_PERMISSION"
43-->[androidx.core:core:1.10.1] AndroidManifest.xml:23:9-81
44        android:protectionLevel="signature" />
44-->[androidx.core:core:1.10.1] AndroidManifest.xml:24:9-44
45
46    <uses-permission android:name="com.hsousa_apps.Autocarros.DYNAMIC_RECEIVER_NOT_EXPORTED_PERMISSION" />
46-->[androidx.core:core:1.10.1] AndroidManifest.xml:26:5-97
46-->[androidx.core:core:1.10.1] AndroidManifest.xml:26:22-94
47
48    <supports-screens
48-->[org.osmdroid:osmdroid-android:6.1.11] AndroidManifest.xml:11:5-14:40
49        android:anyDensity="true"
49-->[org.osmdroid:osmdroid-android:6.1.11] AndroidManifest.xml:12:9-34
50        android:largeScreens="true"
50-->[org.osmdroid:osmdroid-android:6.1.11] AndroidManifest.xml:13:9-36
51        android:normalScreens="true" />
51-->[org.osmdroid:osmdroid-android:6.1.11] AndroidManifest.xml:14:9-37
52
53    <uses-feature
53-->[org.osmdroid:osmdroid-android:6.1.11] AndroidManifest.xml:16:5-18:36
54        android:name="android.hardware.location.network"
54-->[org.osmdroid:osmdroid-android:6.1.11] AndroidManifest.xml:17:9-57
55        android:required="false" />
55-->[org.osmdroid:osmdroid-android:6.1.11] AndroidManifest.xml:18:9-33
56    <uses-feature
56-->[org.osmdroid:osmdroid-android:6.1.11] AndroidManifest.xml:19:5-21:36
57        android:name="android.hardware.location.gps"
57-->[org.osmdroid:osmdroid-android:6.1.11] AndroidManifest.xml:20:9-53
58        android:required="false" />
58-->[org.osmdroid:osmdroid-android:6.1.11] AndroidManifest.xml:21:9-33
59    <uses-feature
59-->[org.osmdroid:osmdroid-android:6.1.11] AndroidManifest.xml:22:5-24:36
60        android:name="android.hardware.telephony"
60-->[org.osmdroid:osmdroid-android:6.1.11] AndroidManifest.xml:23:9-50
61        android:required="false" />
61-->[org.osmdroid:osmdroid-android:6.1.11] AndroidManifest.xml:24:9-33
62    <uses-feature
62-->[org.osmdroid:osmdroid-android:6.1.11] AndroidManifest.xml:25:5-27:36
63        android:name="android.hardware.wifi"
63-->[org.osmdroid:osmdroid-android:6.1.11] AndroidManifest.xml:26:9-45
64        android:required="false" />
64-->[org.osmdroid:osmdroid-android:6.1.11] AndroidManifest.xml:27:9-33
65
66    <application
66-->src/main/AndroidManifest.xml:9:5-43:19
67        android:name="com.hsousa_apps.Autocarros.MyApplication"
67-->src/main/AndroidManifest.xml:10:9-38
68        android:allowBackup="true"
68-->src/main/AndroidManifest.xml:11:9-35
69        android:appComponentFactory="androidx.core.app.CoreComponentFactory"
69-->[androidx.core:core:1.10.1] AndroidManifest.xml:28:18-86
70        android:extractNativeLibs="true"
71        android:icon="@mipmap/logo"
71-->src/main/AndroidManifest.xml:12:9-36
72        android:label="@string/app_name"
72-->src/main/AndroidManifest.xml:13:9-41
73        android:roundIcon="@mipmap/logo_round"
73-->src/main/AndroidManifest.xml:14:9-47
74        android:supportsRtl="true"
74-->src/main/AndroidManifest.xml:15:9-35
75        android:theme="@style/Theme.SMiguelBus" >
75-->src/main/AndroidManifest.xml:16:9-48
76        <activity
76-->src/main/AndroidManifest.xml:18:9-23:20
77            android:name="com.hsousa_apps.Autocarros.WebViewActivity"
77-->src/main/AndroidManifest.xml:19:13-44
78            android:screenOrientation="portrait"
78-->src/main/AndroidManifest.xml:21:13-49
79            android:theme="@style/Theme.SMiguelBus.NoActionBar"
79-->src/main/AndroidManifest.xml:20:13-64
80            android:windowSoftInputMode="stateVisible|adjustResize" >
80-->src/main/AndroidManifest.xml:22:13-68
81        </activity>
82        <activity
82-->src/main/AndroidManifest.xml:25:9-35:20
83            android:name="com.hsousa_apps.Autocarros.MainActivity"
83-->src/main/AndroidManifest.xml:26:13-41
84            android:exported="true"
84-->src/main/AndroidManifest.xml:27:13-36
85            android:screenOrientation="portrait"
85-->src/main/AndroidManifest.xml:28:13-49
86            android:windowSoftInputMode="adjustNothing" >
86-->src/main/AndroidManifest.xml:29:13-56
87            <intent-filter>
87-->src/main/AndroidManifest.xml:30:13-34:29
88                <action android:name="android.intent.action.MAIN" />
88-->src/main/AndroidManifest.xml:31:17-69
88-->src/main/AndroidManifest.xml:31:25-66
89
90                <category android:name="android.intent.category.LAUNCHER" />
90-->src/main/AndroidManifest.xml:33:17-77
90-->src/main/AndroidManifest.xml:33:27-74
91            </intent-filter>
92        </activity>
93
94        <meta-data
94-->src/main/AndroidManifest.xml:37:9-39:70
95            android:name="com.google.android.gms.ads.APPLICATION_ID"
95-->src/main/AndroidManifest.xml:38:13-69
96            android:value="ca-app-pub-8246676797736648~5996375679" />
96-->src/main/AndroidManifest.xml:39:13-67
97        <meta-data
98            android:name="com.google.android.geo.API_KEY"
98-->src/main/AndroidManifest.xml:41:13-58
99            android:value="SMBFj56xBCLc986j6odk3AK6fJa95k" />
99-->src/main/AndroidManifest.xml:42:13-44
100        <!-- Needs to be explicitly declared on P+ -->
101        <uses-library
101-->[com.google.android.gms:play-services-maps:18.1.0] AndroidManifest.xml:39:9-41:40
102            android:name="org.apache.http.legacy"
102-->[com.google.android.gms:play-services-maps:18.1.0] AndroidManifest.xml:40:13-50
103            android:required="false" />
103-->[com.google.android.gms:play-services-maps:18.1.0] AndroidManifest.xml:41:13-37
104
105        <activity
105-->[com.google.android.gms:play-services-base:18.1.0] AndroidManifest.xml:20:9-22:45
106            android:name="com.google.android.gms.common.api.GoogleApiActivity"
106-->[com.google.android.gms:play-services-base:18.1.0] AndroidManifest.xml:20:19-85
107            android:exported="false"
107-->[com.google.android.gms:play-services-base:18.1.0] AndroidManifest.xml:22:19-43
108            android:theme="@android:style/Theme.Translucent.NoTitleBar" /> <!-- Include the AdActivity and InAppPurchaseActivity configChanges and themes. -->
108-->[com.google.android.gms:play-services-base:18.1.0] AndroidManifest.xml:21:19-78
109        <activity
109-->[com.google.android.gms:play-services-ads-lite:21.5.0] AndroidManifest.xml:53:9-58:43
110            android:name="com.google.android.gms.ads.AdActivity"
110-->[com.google.android.gms:play-services-ads-lite:21.5.0] AndroidManifest.xml:54:13-65
111            android:configChanges="keyboard|keyboardHidden|orientation|screenLayout|uiMode|screenSize|smallestScreenSize"
111-->[com.google.android.gms:play-services-ads-lite:21.5.0] AndroidManifest.xml:55:13-122
112            android:exported="false"
112-->[com.google.android.gms:play-services-ads-lite:21.5.0] AndroidManifest.xml:56:13-37
113            android:theme="@android:style/Theme.Translucent" />
113-->[com.google.android.gms:play-services-ads-lite:21.5.0] AndroidManifest.xml:57:13-61
114
115        <provider
115-->[com.google.android.gms:play-services-ads-lite:21.5.0] AndroidManifest.xml:60:9-65:43
116            android:name="com.google.android.gms.ads.MobileAdsInitProvider"
116-->[com.google.android.gms:play-services-ads-lite:21.5.0] AndroidManifest.xml:61:13-76
117            android:authorities="com.hsousa_apps.Autocarros.mobileadsinitprovider"
117-->[com.google.android.gms:play-services-ads-lite:21.5.0] AndroidManifest.xml:62:13-73
118            android:exported="false"
118-->[com.google.android.gms:play-services-ads-lite:21.5.0] AndroidManifest.xml:63:13-37
119            android:initOrder="100" />
119-->[com.google.android.gms:play-services-ads-lite:21.5.0] AndroidManifest.xml:64:13-36
120
121        <service
121-->[com.google.android.gms:play-services-ads-lite:21.5.0] AndroidManifest.xml:67:9-71:43
122            android:name="com.google.android.gms.ads.AdService"
122-->[com.google.android.gms:play-services-ads-lite:21.5.0] AndroidManifest.xml:68:13-64
123            android:enabled="true"
123-->[com.google.android.gms:play-services-ads-lite:21.5.0] AndroidManifest.xml:69:13-35
124            android:exported="false" />
124-->[com.google.android.gms:play-services-ads-lite:21.5.0] AndroidManifest.xml:70:13-37
125
126        <activity
126-->[com.google.android.gms:play-services-ads-lite:21.5.0] AndroidManifest.xml:73:9-77:43
127            android:name="com.google.android.gms.ads.OutOfContextTestingActivity"
127-->[com.google.android.gms:play-services-ads-lite:21.5.0] AndroidManifest.xml:74:13-82
128            android:configChanges="keyboard|keyboardHidden|orientation|screenLayout|uiMode|screenSize|smallestScreenSize"
128-->[com.google.android.gms:play-services-ads-lite:21.5.0] AndroidManifest.xml:75:13-122
129            android:exported="false" />
129-->[com.google.android.gms:play-services-ads-lite:21.5.0] AndroidManifest.xml:76:13-37
130
131        <meta-data
131-->[com.google.android.gms:play-services-basement:18.1.0] AndroidManifest.xml:21:9-23:69
132            android:name="com.google.android.gms.version"
132-->[com.google.android.gms:play-services-basement:18.1.0] AndroidManifest.xml:22:13-58
133            android:value="@integer/google_play_services_version" />
133-->[com.google.android.gms:play-services-basement:18.1.0] AndroidManifest.xml:23:13-66
134
135        <provider
135-->[androidx.work:work-runtime:2.8.0] AndroidManifest.xml:29:9-37:20
136            android:name="androidx.startup.InitializationProvider"
136-->[androidx.work:work-runtime:2.8.0] AndroidManifest.xml:30:13-67
137            android:authorities="com.hsousa_apps.Autocarros.androidx-startup"
137-->[androidx.work:work-runtime:2.8.0] AndroidManifest.xml:31:13-68
138            android:exported="false" >
138-->[androidx.work:work-runtime:2.8.0] AndroidManifest.xml:32:13-37
139            <meta-data
139-->[androidx.work:work-runtime:2.8.0] AndroidManifest.xml:34:13-36:52
140                android:name="androidx.work.WorkManagerInitializer"
140-->[androidx.work:work-runtime:2.8.0] AndroidManifest.xml:35:17-68
141                android:value="androidx.startup" />
141-->[androidx.work:work-runtime:2.8.0] AndroidManifest.xml:36:17-49
142            <meta-data
142-->[androidx.emoji2:emoji2:1.2.0] AndroidManifest.xml:29:13-31:52
143                android:name="androidx.emoji2.text.EmojiCompatInitializer"
143-->[androidx.emoji2:emoji2:1.2.0] AndroidManifest.xml:30:17-75
144                android:value="androidx.startup" />
144-->[androidx.emoji2:emoji2:1.2.0] AndroidManifest.xml:31:17-49
145            <meta-data
145-->[androidx.lifecycle:lifecycle-process:2.6.0] AndroidManifest.xml:29:13-31:52
146                android:name="androidx.lifecycle.ProcessLifecycleInitializer"
146-->[androidx.lifecycle:lifecycle-process:2.6.0] AndroidManifest.xml:30:17-78
147                android:value="androidx.startup" />
147-->[androidx.lifecycle:lifecycle-process:2.6.0] AndroidManifest.xml:31:17-49
148            <meta-data
148-->[androidx.profileinstaller:profileinstaller:1.2.1] AndroidManifest.xml:30:13-32:52
149                android:name="androidx.profileinstaller.ProfileInstallerInitializer"
149-->[androidx.profileinstaller:profileinstaller:1.2.1] AndroidManifest.xml:31:17-85
150                android:value="androidx.startup" />
150-->[androidx.profileinstaller:profileinstaller:1.2.1] AndroidManifest.xml:32:17-49
151        </provider>
152
153        <service
153-->[androidx.work:work-runtime:2.8.0] AndroidManifest.xml:39:9-45:35
154            android:name="androidx.work.impl.background.systemalarm.SystemAlarmService"
154-->[androidx.work:work-runtime:2.8.0] AndroidManifest.xml:40:13-88
155            android:directBootAware="false"
155-->[androidx.work:work-runtime:2.8.0] AndroidManifest.xml:41:13-44
156            android:enabled="@bool/enable_system_alarm_service_default"
156-->[androidx.work:work-runtime:2.8.0] AndroidManifest.xml:42:13-72
157            android:exported="false" />
157-->[androidx.work:work-runtime:2.8.0] AndroidManifest.xml:43:13-37
158        <service
158-->[androidx.work:work-runtime:2.8.0] AndroidManifest.xml:46:9-52:35
159            android:name="androidx.work.impl.background.systemjob.SystemJobService"
159-->[androidx.work:work-runtime:2.8.0] AndroidManifest.xml:47:13-84
160            android:directBootAware="false"
160-->[androidx.work:work-runtime:2.8.0] AndroidManifest.xml:48:13-44
161            android:enabled="@bool/enable_system_job_service_default"
161-->[androidx.work:work-runtime:2.8.0] AndroidManifest.xml:49:13-70
162            android:exported="true"
162-->[androidx.work:work-runtime:2.8.0] AndroidManifest.xml:50:13-36
163            android:permission="android.permission.BIND_JOB_SERVICE" />
163-->[androidx.work:work-runtime:2.8.0] AndroidManifest.xml:51:13-69
164        <service
164-->[androidx.work:work-runtime:2.8.0] AndroidManifest.xml:53:9-59:35
165            android:name="androidx.work.impl.foreground.SystemForegroundService"
165-->[androidx.work:work-runtime:2.8.0] AndroidManifest.xml:54:13-81
166            android:directBootAware="false"
166-->[androidx.work:work-runtime:2.8.0] AndroidManifest.xml:55:13-44
167            android:enabled="@bool/enable_system_foreground_service_default"
167-->[androidx.work:work-runtime:2.8.0] AndroidManifest.xml:56:13-77
168            android:exported="false" />
168-->[androidx.work:work-runtime:2.8.0] AndroidManifest.xml:57:13-37
169
170        <receiver
170-->[androidx.work:work-runtime:2.8.0] AndroidManifest.xml:61:9-66:35
171            android:name="androidx.work.impl.utils.ForceStopRunnable$BroadcastReceiver"
171-->[androidx.work:work-runtime:2.8.0] AndroidManifest.xml:62:13-88
172            android:directBootAware="false"
172-->[androidx.work:work-runtime:2.8.0] AndroidManifest.xml:63:13-44
173            android:enabled="true"
173-->[androidx.work:work-runtime:2.8.0] AndroidManifest.xml:64:13-35
174            android:exported="false" />
174-->[androidx.work:work-runtime:2.8.0] AndroidManifest.xml:65:13-37
175        <receiver
175-->[androidx.work:work-runtime:2.8.0] AndroidManifest.xml:67:9-77:20
176            android:name="androidx.work.impl.background.systemalarm.ConstraintProxy$BatteryChargingProxy"
176-->[androidx.work:work-runtime:2.8.0] AndroidManifest.xml:68:13-106
177            android:directBootAware="false"
177-->[androidx.work:work-runtime:2.8.0] AndroidManifest.xml:69:13-44
178            android:enabled="false"
178-->[androidx.work:work-runtime:2.8.0] AndroidManifest.xml:70:13-36
179            android:exported="false" >
179-->[androidx.work:work-runtime:2.8.0] AndroidManifest.xml:71:13-37
180            <intent-filter>
180-->[androidx.work:work-runtime:2.8.0] AndroidManifest.xml:73:13-76:29
181                <action android:name="android.intent.action.ACTION_POWER_CONNECTED" />
181-->[androidx.work:work-runtime:2.8.0] AndroidManifest.xml:74:17-87
181-->[androidx.work:work-runtime:2.8.0] AndroidManifest.xml:74:25-84
182                <action android:name="android.intent.action.ACTION_POWER_DISCONNECTED" />
182-->[androidx.work:work-runtime:2.8.0] AndroidManifest.xml:75:17-90
182-->[androidx.work:work-runtime:2.8.0] AndroidManifest.xml:75:25-87
183            </intent-filter>
184        </receiver>
185        <receiver
185-->[androidx.work:work-runtime:2.8.0] AndroidManifest.xml:78:9-88:20
186            android:name="androidx.work.impl.background.systemalarm.ConstraintProxy$BatteryNotLowProxy"
186-->[androidx.work:work-runtime:2.8.0] AndroidManifest.xml:79:13-104
187            android:directBootAware="false"
187-->[androidx.work:work-runtime:2.8.0] AndroidManifest.xml:80:13-44
188            android:enabled="false"
188-->[androidx.work:work-runtime:2.8.0] AndroidManifest.xml:81:13-36
189            android:exported="false" >
189-->[androidx.work:work-runtime:2.8.0] AndroidManifest.xml:82:13-37
190            <intent-filter>
190-->[androidx.work:work-runtime:2.8.0] AndroidManifest.xml:84:13-87:29
191                <action android:name="android.intent.action.BATTERY_OKAY" />
191-->[androidx.work:work-runtime:2.8.0] AndroidManifest.xml:85:17-77
191-->[androidx.work:work-runtime:2.8.0] AndroidManifest.xml:85:25-74
192                <action android:name="android.intent.action.BATTERY_LOW" />
192-->[androidx.work:work-runtime:2.8.0] AndroidManifest.xml:86:17-76
192-->[androidx.work:work-runtime:2.8.0] AndroidManifest.xml:86:25-73
193            </intent-filter>
194        </receiver>
195        <receiver
195-->[androidx.work:work-runtime:2.8.0] AndroidManifest.xml:89:9-99:20
196            android:name="androidx.work.impl.background.systemalarm.ConstraintProxy$StorageNotLowProxy"
196-->[androidx.work:work-runtime:2.8.0] AndroidManifest.xml:90:13-104
197            android:directBootAware="false"
197-->[androidx.work:work-runtime:2.8.0] AndroidManifest.xml:91:13-44
198            android:enabled="false"
198-->[androidx.work:work-runtime:2.8.0] AndroidManifest.xml:92:13-36
199            android:exported="false" >
199-->[androidx.work:work-runtime:2.8.0] AndroidManifest.xml:93:13-37
200            <intent-filter>
200-->[androidx.work:work-runtime:2.8.0] AndroidManifest.xml:95:13-98:29
201                <action android:name="android.intent.action.DEVICE_STORAGE_LOW" />
201-->[androidx.work:work-runtime:2.8.0] AndroidManifest.xml:96:17-83
201-->[androidx.work:work-runtime:2.8.0] AndroidManifest.xml:96:25-80
202                <action android:name="android.intent.action.DEVICE_STORAGE_OK" />
202-->[androidx.work:work-runtime:2.8.0] AndroidManifest.xml:97:17-82
202-->[androidx.work:work-runtime:2.8.0] AndroidManifest.xml:97:25-79
203            </intent-filter>
204        </receiver>
205        <receiver
205-->[androidx.work:work-runtime:2.8.0] AndroidManifest.xml:100:9-109:20
206            android:name="androidx.work.impl.background.systemalarm.ConstraintProxy$NetworkStateProxy"
206-->[androidx.work:work-runtime:2.8.0] AndroidManifest.xml:101:13-103
207            android:directBootAware="false"
207-->[androidx.work:work-runtime:2.8.0] AndroidManifest.xml:102:13-44
208            android:enabled="false"
208-->[androidx.work:work-runtime:2.8.0] AndroidManifest.xml:103:13-36
209            android:exported="false" >
209-->[androidx.work:work-runtime:2.8.0] AndroidManifest.xml:104:13-37
210            <intent-filter>
210-->[androidx.work:work-runtime:2.8.0] AndroidManifest.xml:106:13-108:29
211                <action android:name="android.net.conn.CONNECTIVITY_CHANGE" />
211-->[androidx.work:work-runtime:2.8.0] AndroidManifest.xml:107:17-79
211-->[androidx.work:work-runtime:2.8.0] AndroidManifest.xml:107:25-76
212            </intent-filter>
213        </receiver>
214        <receiver
214-->[androidx.work:work-runtime:2.8.0] AndroidManifest.xml:110:9-121:20
215            android:name="androidx.work.impl.background.systemalarm.RescheduleReceiver"
215-->[androidx.work:work-runtime:2.8.0] AndroidManifest.xml:111:13-88
216            android:directBootAware="false"
216-->[androidx.work:work-runtime:2.8.0] AndroidManifest.xml:112:13-44
217            android:enabled="false"
217-->[androidx.work:work-runtime:2.8.0] AndroidManifest.xml:113:13-36
218            android:exported="false" >
218-->[androidx.work:work-runtime:2.8.0] AndroidManifest.xml:114:13-37
219            <intent-filter>
219-->[androidx.work:work-runtime:2.8.0] AndroidManifest.xml:116:13-120:29
220                <action android:name="android.intent.action.BOOT_COMPLETED" />
220-->[androidx.work:work-runtime:2.8.0] AndroidManifest.xml:117:17-79
220-->[androidx.work:work-runtime:2.8.0] AndroidManifest.xml:117:25-76
221                <action android:name="android.intent.action.TIME_SET" />
221-->[androidx.work:work-runtime:2.8.0] AndroidManifest.xml:118:17-73
221-->[androidx.work:work-runtime:2.8.0] AndroidManifest.xml:118:25-70
222                <action android:name="android.intent.action.TIMEZONE_CHANGED" />
222-->[androidx.work:work-runtime:2.8.0] AndroidManifest.xml:119:17-81
222-->[androidx.work:work-runtime:2.8.0] AndroidManifest.xml:119:25-78
223            </intent-filter>
224        </receiver>
225        <receiver
225-->[androidx.work:work-runtime:2.8.0] AndroidManifest.xml:122:9-131:20
226            android:name="androidx.work.impl.background.systemalarm.ConstraintProxyUpdateReceiver"
226-->[androidx.work:work-runtime:2.8.0] AndroidManifest.xml:123:13-99
227            android:directBootAware="false"
227-->[androidx.work:work-runtime:2.8.0] AndroidManifest.xml:124:13-44
228            android:enabled="@bool/enable_system_alarm_service_default"
228-->[androidx.work:work-runtime:2.8.0] AndroidManifest.xml:125:13-72
229            android:exported="false" >
229-->[androidx.work:work-runtime:2.8.0] AndroidManifest.xml:126:13-37
230            <intent-filter>
230-->[androidx.work:work-runtime:2.8.0] AndroidManifest.xml:128:13-130:29
231                <action android:name="androidx.work.impl.background.systemalarm.UpdateProxies" />
231-->[androidx.work:work-runtime:2.8.0] AndroidManifest.xml:129:17-98
231-->[androidx.work:work-runtime:2.8.0] AndroidManifest.xml:129:25-95
232            </intent-filter>
233        </receiver>
234        <receiver
234-->[androidx.work:work-runtime:2.8.0] AndroidManifest.xml:132:9-142:20
235            android:name="androidx.work.impl.diagnostics.DiagnosticsReceiver"
235-->[androidx.work:work-runtime:2.8.0] AndroidManifest.xml:133:13-78
236            android:directBootAware="false"
236-->[androidx.work:work-runtime:2.8.0] AndroidManifest.xml:134:13-44
237            android:enabled="true"
237-->[androidx.work:work-runtime:2.8.0] AndroidManifest.xml:135:13-35
238            android:exported="true"
238-->[androidx.work:work-runtime:2.8.0] AndroidManifest.xml:136:13-36
239            android:permission="android.permission.DUMP" >
239-->[androidx.work:work-runtime:2.8.0] AndroidManifest.xml:137:13-57
240            <intent-filter>
240-->[androidx.work:work-runtime:2.8.0] AndroidManifest.xml:139:13-141:29
241                <action android:name="androidx.work.diagnostics.REQUEST_DIAGNOSTICS" />
241-->[androidx.work:work-runtime:2.8.0] AndroidManifest.xml:140:17-88
241-->[androidx.work:work-runtime:2.8.0] AndroidManifest.xml:140:25-85
242            </intent-filter>
243        </receiver>
244
245        <service
245-->[androidx.room:room-runtime:2.5.0] AndroidManifest.xml:24:9-28:63
246            android:name="androidx.room.MultiInstanceInvalidationService"
246-->[androidx.room:room-runtime:2.5.0] AndroidManifest.xml:25:13-74
247            android:directBootAware="true"
247-->[androidx.room:room-runtime:2.5.0] AndroidManifest.xml:26:13-43
248            android:exported="false" />
248-->[androidx.room:room-runtime:2.5.0] AndroidManifest.xml:27:13-37
249
250        <receiver
250-->[androidx.profileinstaller:profileinstaller:1.2.1] AndroidManifest.xml:35:9-47:20
251            android:name="androidx.profileinstaller.ProfileInstallReceiver"
251-->[androidx.profileinstaller:profileinstaller:1.2.1] AndroidManifest.xml:36:13-76
252            android:directBootAware="false"
252-->[androidx.profileinstaller:profileinstaller:1.2.1] AndroidManifest.xml:37:13-44
253            android:enabled="true"
253-->[androidx.profileinstaller:profileinstaller:1.2.1] AndroidManifest.xml:38:13-35
254            android:exported="true"
254-->[androidx.profileinstaller:profileinstaller:1.2.1] AndroidManifest.xml:39:13-36
255            android:permission="android.permission.DUMP" >
255-->[androidx.profileinstaller:profileinstaller:1.2.1] AndroidManifest.xml:40:13-57
256            <intent-filter>
256-->[androidx.profileinstaller:profileinstaller:1.2.1] AndroidManifest.xml:41:13-43:29
257                <action android:name="androidx.profileinstaller.action.INSTALL_PROFILE" />
257-->[androidx.profileinstaller:profileinstaller:1.2.1] AndroidManifest.xml:42:17-91
257-->[androidx.profileinstaller:profileinstaller:1.2.1] AndroidManifest.xml:42:25-88
258            </intent-filter>
259            <intent-filter>
259-->[androidx.profileinstaller:profileinstaller:1.2.1] AndroidManifest.xml:44:13-46:29
260                <action android:name="androidx.profileinstaller.action.SKIP_FILE" />
260-->[androidx.profileinstaller:profileinstaller:1.2.1] AndroidManifest.xml:45:17-85
260-->[androidx.profileinstaller:profileinstaller:1.2.1] AndroidManifest.xml:45:25-82
261            </intent-filter>
262        </receiver>
263    </application>
264
265</manifest>